INFO: Running heudiconv version 0.11.3+d20220512 latest 0.11.4
INFO: Need to process 1 study sessions
INFO: PROCESSING STARTS: {'subject': 'voice964', 'outdir': '/out/', 'session': '2'}
INFO: Processing 2108 dicoms
INFO: Analyzing 2108 dicoms
INFO: Generated sequence info for 17 accession numbers with 2108 entries total
INFO: Doing conversion using dcm2niix
INFO: Converting /out/sub-voice964/ses-2/anat/sub-voice964_ses-2_run-1_T1w (176 DICOMs) -> /out/sub-voice964/ses-2/anat . Converter: dcm2niix . Output types: ('nii.gz',)
WARNING: A newer version (1.8.4) of nipy/nipype is available. You are using 1.8.0
INFO: [Node] Setting-up "convert" in "/tmp/dcm2niix8ldf1mqa/convert".
INFO: [Node] Executing "convert" <nipype.interfaces.dcm2nii.Dcm2niix>
INFO: stdout 2022-10-07T19:46:47.238748:Chris Rorden's dcm2niiX version v1.0.20211006  GCC10.2.1 x86-64 (64-bit Linux)
INFO: stdout 2022-10-07T19:46:47.238748:Found 176 DICOM file(s)
INFO: stdout 2022-10-07T19:46:47.238748:Convert 176 DICOM as /out/sub-voice964/ses-2/anat/sub-voice964_ses-2_run-1_T1w_heudiconv967 (256x256x176x1)
INFO: stdout 2022-10-07T19:46:49.285534:Compress: "/usr/bin/pigz" -b 960 -n -f -6 "/out/sub-voice964/ses-2/anat/sub-voice964_ses-2_run-1_T1w_heudiconv967.nii"
INFO: stdout 2022-10-07T19:46:49.285534:Conversion required 2.429246 seconds (0.401640 for core code).
INFO: [Node] Finished "convert", elapsed time 2.538761s.
WARNING: Failed to find task field in /out/sub-voice964/ses-2/anat/sub-voice964_ses-2_run-1_T1w.json.
INFO: Post-treating /out/sub-voice964/ses-2/anat/sub-voice964_ses-2_run-1_T1w.json file
INFO: Converting /out/sub-voice964/ses-2/func/sub-voice964_ses-2_task-pitchsent_run-1_bold (64 DICOMs) -> /out/sub-voice964/ses-2/func . Converter: dcm2niix . Output types: ('nii.gz',)
INFO: [Node] Setting-up "convert" in "/tmp/dcm2niix5e6_v_71/convert".
INFO: [Node] Executing "convert" <nipype.interfaces.dcm2nii.Dcm2niix>
INFO: stdout 2022-10-07T19:46:50.181795:Chris Rorden's dcm2niiX version v1.0.20211006  GCC10.2.1 x86-64 (64-bit Linux)
INFO: stdout 2022-10-07T19:46:50.181795:Found 64 DICOM file(s)
INFO: stdout 2022-10-07T19:46:50.181795:Warning: Slice timing appears corrupted (range 0..5360, TR=4000 ms)
INFO: stdout 2022-10-07T19:46:50.181795:Convert 64 DICOM as /out/sub-voice964/ses-2/func/sub-voice964_ses-2_task-pitchsent_run-1_bold_heudiconv876 (108x108x65x64)
INFO: stdout 2022-10-07T19:46:57.869071:Compress: "/usr/bin/pigz" -b 960 -n -f -6 "/out/sub-voice964/ses-2/func/sub-voice964_ses-2_task-pitchsent_run-1_bold_heudiconv876.nii"
INFO: stdout 2022-10-07T19:46:57.869071:Conversion required 7.998701 seconds (0.336518 for core code).
INFO: [Node] Finished "convert", elapsed time 8.080963s.
INFO: Post-treating /out/sub-voice964/ses-2/func/sub-voice964_ses-2_task-pitchsent_run-1_bold.json file
INFO: Converting /out/sub-voice964/ses-2/func/sub-voice964_ses-2_task-pitchsent_run-2_bold (64 DICOMs) -> /out/sub-voice964/ses-2/func . Converter: dcm2niix . Output types: ('nii.gz',)
INFO: [Node] Setting-up "convert" in "/tmp/dcm2niixkr8iga9b/convert".
INFO: [Node] Executing "convert" <nipype.interfaces.dcm2nii.Dcm2niix>
INFO: stdout 2022-10-07T19:46:58.809311:Chris Rorden's dcm2niiX version v1.0.20211006  GCC10.2.1 x86-64 (64-bit Linux)
INFO: stdout 2022-10-07T19:46:58.809311:Found 64 DICOM file(s)
INFO: stdout 2022-10-07T19:46:58.809311:Warning: Slice timing appears corrupted (range 0..5360, TR=4000 ms)
INFO: stdout 2022-10-07T19:46:58.809311:Convert 64 DICOM as /out/sub-voice964/ses-2/func/sub-voice964_ses-2_task-pitchsent_run-2_bold_heudiconv015 (108x108x65x64)
INFO: stdout 2022-10-07T19:47:06.269228:Compress: "/usr/bin/pigz" -b 960 -n -f -6 "/out/sub-voice964/ses-2/func/sub-voice964_ses-2_task-pitchsent_run-2_bold_heudiconv015.nii"
INFO: stdout 2022-10-07T19:47:06.269228:Conversion required 7.764860 seconds (0.323801 for core code).
INFO: [Node] Finished "convert", elapsed time 7.846818s.
INFO: Post-treating /out/sub-voice964/ses-2/func/sub-voice964_ses-2_task-pitchsent_run-2_bold.json file
INFO: Converting /out/sub-voice964/ses-2/func/sub-voice964_ses-2_task-facematch_run-1_bold (99 DICOMs) -> /out/sub-voice964/ses-2/func . Converter: dcm2niix . Output types: ('nii.gz',)
INFO: [Node] Setting-up "convert" in "/tmp/dcm2niixd4u_gmy4/convert".
INFO: [Node] Executing "convert" <nipype.interfaces.dcm2nii.Dcm2niix>
INFO: stdout 2022-10-07T19:47:07.111515:Chris Rorden's dcm2niiX version v1.0.20211006  GCC10.2.1 x86-64 (64-bit Linux)
INFO: stdout 2022-10-07T19:47:07.111515:Found 99 DICOM file(s)
INFO: stdout 2022-10-07T19:47:07.111515:Warning: Slice timing appears corrupted (range 0..5357.5, TR=2000 ms)
INFO: stdout 2022-10-07T19:47:07.111515:Convert 99 DICOM as /out/sub-voice964/ses-2/func/sub-voice964_ses-2_task-facematch_run-1_bold_heudiconv570 (108x108x65x99)
INFO: stdout 2022-10-07T19:47:18.552691:Compress: "/usr/bin/pigz" -b 960 -n -f -6 "/out/sub-voice964/ses-2/func/sub-voice964_ses-2_task-facematch_run-1_bold_heudiconv570.nii"
INFO: stdout 2022-10-07T19:47:18.552691:Conversion required 11.861076 seconds (0.505210 for core code).
INFO: [Node] Finished "convert", elapsed time 11.956282999999999s.
INFO: Post-treating /out/sub-voice964/ses-2/func/sub-voice964_ses-2_task-facematch_run-1_bold.json file
INFO: Converting /out/sub-voice964/ses-2/func/sub-voice964_ses-2_task-facematch_run-2_bold (99 DICOMs) -> /out/sub-voice964/ses-2/func . Converter: dcm2niix . Output types: ('nii.gz',)
INFO: [Node] Setting-up "convert" in "/tmp/dcm2niixyom9zoc8/convert".
INFO: [Node] Executing "convert" <nipype.interfaces.dcm2nii.Dcm2niix>
INFO: stdout 2022-10-07T19:47:19.897673:Chris Rorden's dcm2niiX version v1.0.20211006  GCC10.2.1 x86-64 (64-bit Linux)
INFO: stdout 2022-10-07T19:47:19.897673:Found 99 DICOM file(s)
INFO: stdout 2022-10-07T19:47:19.897673:Warning: Slice timing appears corrupted (range 0..5357.5, TR=2000 ms)
INFO: stdout 2022-10-07T19:47:19.897673:Convert 99 DICOM as /out/sub-voice964/ses-2/func/sub-voice964_ses-2_task-facematch_run-2_bold_heudiconv692 (108x108x65x99)
INFO: stdout 2022-10-07T19:47:31.559798:Compress: "/usr/bin/pigz" -b 960 -n -f -6 "/out/sub-voice964/ses-2/func/sub-voice964_ses-2_task-facematch_run-2_bold_heudiconv692.nii"
INFO: stdout 2022-10-07T19:47:31.559798:Conversion required 12.108464 seconds (0.475598 for core code).
INFO: [Node] Finished "convert", elapsed time 12.188728s.
INFO: Post-treating /out/sub-voice964/ses-2/func/sub-voice964_ses-2_task-facematch_run-2_bold.json file
INFO: Converting /out/sub-voice964/ses-2/func/sub-voice964_ses-2_task-pitchnw_run-1_bold (101 DICOMs) -> /out/sub-voice964/ses-2/func . Converter: dcm2niix . Output types: ('nii.gz',)
INFO: [Node] Setting-up "convert" in "/tmp/dcm2niix25ekujy2/convert".
INFO: [Node] Executing "convert" <nipype.interfaces.dcm2nii.Dcm2niix>
INFO: stdout 2022-10-07T19:47:32.380895:Chris Rorden's dcm2niiX version v1.0.20211006  GCC10.2.1 x86-64 (64-bit Linux)
INFO: stdout 2022-10-07T19:47:32.380895:Found 101 DICOM file(s)
INFO: stdout 2022-10-07T19:47:32.380895:Warning: Slice timing appears corrupted (range 0..5357.5, TR=2000 ms)
INFO: stdout 2022-10-07T19:47:32.380895:Convert 101 DICOM as /out/sub-voice964/ses-2/func/sub-voice964_ses-2_task-pitchnw_run-1_bold_heudiconv018 (108x108x65x101)
INFO: stdout 2022-10-07T19:47:44.163550:Compress: "/usr/bin/pigz" -b 960 -n -f -6 "/out/sub-voice964/ses-2/func/sub-voice964_ses-2_task-pitchnw_run-1_bold_heudiconv018.nii"
INFO: stdout 2022-10-07T19:47:44.163550:Conversion required 12.224953 seconds (0.571233 for core code).
INFO: [Node] Finished "convert", elapsed time 12.317719s.
INFO: Post-treating /out/sub-voice964/ses-2/func/sub-voice964_ses-2_task-pitchnw_run-1_bold.json file
INFO: Converting /out/sub-voice964/ses-2/func/sub-voice964_ses-2_task-pitchnw_run-2_bold (101 DICOMs) -> /out/sub-voice964/ses-2/func . Converter: dcm2niix . Output types: ('nii.gz',)
INFO: [Node] Setting-up "convert" in "/tmp/dcm2niixx5rhu4sy/convert".
INFO: [Node] Executing "convert" <nipype.interfaces.dcm2nii.Dcm2niix>
INFO: stdout 2022-10-07T19:47:45.076980:Chris Rorden's dcm2niiX version v1.0.20211006  GCC10.2.1 x86-64 (64-bit Linux)
INFO: stdout 2022-10-07T19:47:45.076980:Found 101 DICOM file(s)
INFO: stdout 2022-10-07T19:47:45.076980:Warning: Slice timing appears corrupted (range 0..5360, TR=2000 ms)
INFO: stdout 2022-10-07T19:47:45.076980:Convert 101 DICOM as /out/sub-voice964/ses-2/func/sub-voice964_ses-2_task-pitchnw_run-2_bold_heudiconv604 (108x108x65x101)
INFO: stdout 2022-10-07T19:47:56.768646:Compress: "/usr/bin/pigz" -b 960 -n -f -6 "/out/sub-voice964/ses-2/func/sub-voice964_ses-2_task-pitchnw_run-2_bold_heudiconv604.nii"
INFO: stdout 2022-10-07T19:47:56.768646:Conversion required 12.147462 seconds (0.498554 for core code).
INFO: [Node] Finished "convert", elapsed time 12.221015s.
INFO: Post-treating /out/sub-voice964/ses-2/func/sub-voice964_ses-2_task-pitchnw_run-2_bold.json file
INFO: Converting /out/sub-voice964/ses-2/func/sub-voice964_ses-2_task-movie_run-1_bold (138 DICOMs) -> /out/sub-voice964/ses-2/func . Converter: dcm2niix . Output types: ('nii.gz',)
INFO: [Node] Setting-up "convert" in "/tmp/dcm2niixi4d1ypkz/convert".
INFO: [Node] Executing "convert" <nipype.interfaces.dcm2nii.Dcm2niix>
INFO: stdout 2022-10-07T19:47:57.751136:Chris Rorden's dcm2niiX version v1.0.20211006  GCC10.2.1 x86-64 (64-bit Linux)
INFO: stdout 2022-10-07T19:47:57.751136:Found 138 DICOM file(s)
INFO: stdout 2022-10-07T19:47:57.751136:Warning: Slice timing appears corrupted (range 0..5360, TR=1090 ms)
INFO: stdout 2022-10-07T19:47:57.751136:Convert 138 DICOM as /out/sub-voice964/ses-2/func/sub-voice964_ses-2_task-movie_run-1_bold_heudiconv970 (108x108x65x138)
INFO: stdout 2022-10-07T19:48:13.835375:Compress: "/usr/bin/pigz" -b 960 -n -f -6 "/out/sub-voice964/ses-2/func/sub-voice964_ses-2_task-movie_run-1_bold_heudiconv970.nii"
INFO: stdout 2022-10-07T19:48:13.835375:Conversion required 16.632819 seconds (0.656723 for core code).
INFO: [Node] Finished "convert", elapsed time 16.714279s.
INFO: Post-treating /out/sub-voice964/ses-2/func/sub-voice964_ses-2_task-movie_run-1_bold.json file
INFO: Populating template files under /out/
INFO: PROCESSING DONE: {'subject': 'voice964', 'outdir': '/out/', 'session': '2'}
INFO: Total: starting
INFO: 
INFO: Total: processed result for /out
INFO: Total: done
INFO: Total: starting
INFO: 
INFO: Total: processed result for /out/.heudiconv
[WARNING] Received an exception CommandError(CommandError: 'git -c diff.ignoreSubmodules=none update-index --add --replace --cacheinfo 160000 21d31c0e0f9d417011cae564344409244234ea59 .heudiconv' failed with exitcode 128 [err: 'fatal: Unable to create '/out/.git/index.lock': File exists.

Another git process seems to be running in this repository, e.g.
an editor opened by 'git commit'. Please make sure all processes
are terminated then try again. If it still fails, a git process
may have crashed in this repository earlier:
remove the file manually to continue.']). Canceling not-yet running jobs and waiting for completion of running. You can force earlier forceful exit by Ctrl-C. 
WARNING: Received an exception CommandError(CommandError: 'git -c diff.ignoreSubmodules=none update-index --add --replace --cacheinfo 160000 21d31c0e0f9d417011cae564344409244234ea59 .heudiconv' failed with exitcode 128 [err: 'fatal: Unable to create '/out/.git/index.lock': File exists.

Another git process seems to be running in this repository, e.g.
an editor opened by 'git commit'. Please make sure all processes
are terminated then try again. If it still fails, a git process
may have crashed in this repository earlier:
remove the file manually to continue.']). Canceling not-yet running jobs and waiting for completion of running. You can force earlier forceful exit by Ctrl-C.
[INFO] Canceled 0 out of 0 jobs. 0 left running. 
INFO: Canceled 0 out of 0 jobs. 0 left running.
Traceback (most recent call last):
  File "/opt/miniconda-latest/lib/python3.7/site-packages/datalad/support/parallel.py", line 368, in _iter_threads
    raise _FinalShutdown()
datalad.support.parallel._FinalShutdown

During handling of the above exception, another exception occurred:

Traceback (most recent call last):
  File "/opt/miniconda-latest/bin/heudiconv", line 33, in <module>
    sys.exit(load_entry_point('heudiconv', 'console_scripts', 'heudiconv')())
  File "/src/heudiconv/heudiconv/cli/run.py", line 24, in main
    workflow(**kwargs)
  File "/src/heudiconv/heudiconv/main.py", line 406, in workflow
    add_to_datalad(outdir, study_outdir, msg, bids_options)
  File "/src/heudiconv/heudiconv/external/dlad.py", line 125, in add_to_datalad
    ds.save('.', recursive=True
  File "/opt/miniconda-latest/lib/python3.7/site-packages/datalad/distribution/dataset.py", line 502, in apply_func
    return f(*args, **kwargs)
  File "/opt/miniconda-latest/lib/python3.7/site-packages/datalad/interface/utils.py", line 447, in eval_func
    return return_func(*args, **kwargs)
  File "/opt/miniconda-latest/lib/python3.7/site-packages/datalad/interface/utils.py", line 439, in return_func
    results = list(results)
  File "/opt/miniconda-latest/lib/python3.7/site-packages/datalad/interface/utils.py", line 369, in generator_func
    allkwargs):
  File "/opt/miniconda-latest/lib/python3.7/site-packages/datalad/interface/utils.py", line 544, in _process_results
    for res in results:
  File "/opt/miniconda-latest/lib/python3.7/site-packages/datalad/core/local/save.py", line 398, in __call__
    lgr=lgr,
  File "/opt/miniconda-latest/lib/python3.7/site-packages/datalad/support/parallel.py", line 535, in __iter__
    for res in super().__iter__():
  File "/opt/miniconda-latest/lib/python3.7/site-packages/datalad/support/parallel.py", line 265, in __iter__
    yield from self._iter_threads(self._jobs)
  File "/opt/miniconda-latest/lib/python3.7/site-packages/datalad/support/parallel.py", line 417, in _iter_threads
    self.shutdown(force=True, exception=self._producer_exception or interrupted_by_exception)
  File "/opt/miniconda-latest/lib/python3.7/site-packages/datalad/support/parallel.py", line 233, in shutdown
    raise exception
  File "/opt/miniconda-latest/lib/python3.7/site-packages/datalad/support/parallel.py", line 401, in _iter_threads
    done_useful |= self._pop_done_futures(lgr)
  File "/opt/miniconda-latest/lib/python3.7/site-packages/datalad/support/parallel.py", line 463, in _pop_done_futures
    raise exception
  File "/opt/miniconda-latest/lib/python3.7/concurrent/futures/thread.py", line 57, in run
    result = self.fn(*self.args, **self.kwargs)
  File "/opt/miniconda-latest/lib/python3.7/site-packages/datalad/support/parallel.py", line 329, in consumer_worker
    for r in res:
  File "/opt/miniconda-latest/lib/python3.7/site-packages/datalad/core/local/save.py", line 322, in save_ds
    amend=amend):
  File "/opt/miniconda-latest/lib/python3.7/site-packages/datalad/support/gitrepo.py", line 3425, in save_
    for r in self._save_add_submodules(to_stage_submodules):
  File "/opt/miniconda-latest/lib/python3.7/site-packages/datalad/support/gitrepo.py", line 3662, in _save_add_submodules
    i['commit'], i['rpath']
  File "/opt/miniconda-latest/lib/python3.7/site-packages/datalad/dataset/gitrepo.py", line 437, in call_git
    read_only=read_only))
  File "/opt/miniconda-latest/lib/python3.7/site-packages/datalad/dataset/gitrepo.py", line 482, in call_git_items_
    sep=sep):
  File "/opt/miniconda-latest/lib/python3.7/site-packages/datalad/dataset/gitrepo.py", line 345, in _generator_call_git
    for file_no, content in generator:
  File "/opt/miniconda-latest/lib/python3.7/_collections_abc.py", line 317, in __next__
    return self.send(None)
  File "/opt/miniconda-latest/lib/python3.7/site-packages/datalad/runner/nonasyncrunner.py", line 98, in send
    self._check_result()
  File "/opt/miniconda-latest/lib/python3.7/site-packages/datalad/runner/nonasyncrunner.py", line 80, in _check_result
    self.runner._check_result()
  File "/opt/miniconda-latest/lib/python3.7/site-packages/datalad/runner/nonasyncrunner.py", line 259, in _check_result
    stderr=decoded_output.get("stderr", None))
datalad.runner.exception.CommandError: CommandError: 'git -c diff.ignoreSubmodules=none update-index --add --replace --cacheinfo 160000 21d31c0e0f9d417011cae564344409244234ea59 .heudiconv' failed with exitcode 128 [err: 'fatal: Unable to create '/out/.git/index.lock': File exists.

Another git process seems to be running in this repository, e.g.
an editor opened by 'git commit'. Please make sure all processes
are terminated then try again. If it still fails, a git process
may have crashed in this repository earlier:
remove the file manually to continue.']
