INFO: Running heudiconv version 0.11.3+d20220512 latest 0.11.4
INFO: Need to process 1 study sessions
INFO: PROCESSING STARTS: {'subject': 'voice976', 'outdir': '/out/', 'session': '1'}
INFO: Processing 3093 dicoms
INFO: Analyzing 3093 dicoms
INFO: Generated sequence info for 29 accession numbers with 3093 entries total
INFO: Doing conversion using dcm2niix
INFO: Converting /out/sub-voice976/ses-1/anat/sub-voice976_ses-1_run-1_T1w (176 DICOMs) -> /out/sub-voice976/ses-1/anat . Converter: dcm2niix . Output types: ('nii.gz',)
WARNING: A newer version (1.8.4) of nipy/nipype is available. You are using 1.8.0
INFO: [Node] Setting-up "convert" in "/tmp/dcm2niixqwq045ez/convert".
INFO: [Node] Executing "convert" <nipype.interfaces.dcm2nii.Dcm2niix>
INFO: stdout 2022-10-07T19:49:24.756747:Chris Rorden's dcm2niiX version v1.0.20211006  GCC10.2.1 x86-64 (64-bit Linux)
INFO: stdout 2022-10-07T19:49:24.756747:Found 176 DICOM file(s)
INFO: stdout 2022-10-07T19:49:24.756747:Convert 176 DICOM as /out/sub-voice976/ses-1/anat/sub-voice976_ses-1_run-1_T1w_heudiconv446 (256x256x176x1)
INFO: stdout 2022-10-07T19:49:26.400376:Compress: "/usr/bin/pigz" -b 960 -n -f -6 "/out/sub-voice976/ses-1/anat/sub-voice976_ses-1_run-1_T1w_heudiconv446.nii"
INFO: stdout 2022-10-07T19:49:26.400376:Conversion required 1.894765 seconds (0.200891 for core code).
INFO: [Node] Finished "convert", elapsed time 1.937061s.
WARNING: Failed to find task field in /out/sub-voice976/ses-1/anat/sub-voice976_ses-1_run-1_T1w.json.
INFO: Post-treating /out/sub-voice976/ses-1/anat/sub-voice976_ses-1_run-1_T1w.json file
INFO: Converting /out/sub-voice976/ses-1/func/sub-voice976_ses-1_task-pataka_run-1_bold (207 DICOMs) -> /out/sub-voice976/ses-1/func . Converter: dcm2niix . Output types: ('nii.gz',)
INFO: [Node] Setting-up "convert" in "/tmp/dcm2niixrl6fn5k7/convert".
INFO: [Node] Executing "convert" <nipype.interfaces.dcm2nii.Dcm2niix>
INFO: stdout 2022-10-07T19:49:27.770296:Chris Rorden's dcm2niiX version v1.0.20211006  GCC10.2.1 x86-64 (64-bit Linux)
INFO: stdout 2022-10-07T19:49:27.770296:Found 207 DICOM file(s)
INFO: stdout 2022-10-07T19:49:27.770296:Warning: Slice timing appears corrupted (range 0..3135, TR=1640 ms)
INFO: stdout 2022-10-07T19:49:27.770296:Convert 207 DICOM as /out/sub-voice976/ses-1/func/sub-voice976_ses-1_task-pataka_run-1_bold_heudiconv002 (72x72x45x207)
INFO: stdout 2022-10-07T19:49:34.652292:Compress: "/usr/bin/pigz" -b 960 -n -f -6 "/out/sub-voice976/ses-1/func/sub-voice976_ses-1_task-pataka_run-1_bold_heudiconv002.nii"
INFO: stdout 2022-10-07T19:49:34.652292:Conversion required 7.317965 seconds (0.279697 for core code).
INFO: [Node] Finished "convert", elapsed time 7.37784s.
INFO: Post-treating /out/sub-voice976/ses-1/func/sub-voice976_ses-1_task-pataka_run-1_bold.json file
INFO: Converting /out/sub-voice976/ses-1/func/sub-voice976_ses-1_task-pataka_run-2_bold (207 DICOMs) -> /out/sub-voice976/ses-1/func . Converter: dcm2niix . Output types: ('nii.gz',)
INFO: [Node] Setting-up "convert" in "/tmp/dcm2niixp99py4_3/convert".
INFO: [Node] Executing "convert" <nipype.interfaces.dcm2nii.Dcm2niix>
INFO: stdout 2022-10-07T19:49:35.786909:Chris Rorden's dcm2niiX version v1.0.20211006  GCC10.2.1 x86-64 (64-bit Linux)
INFO: stdout 2022-10-07T19:49:35.786909:Found 207 DICOM file(s)
INFO: stdout 2022-10-07T19:49:35.786909:Warning: Slice timing appears corrupted (range 0..3135, TR=1640 ms)
INFO: stdout 2022-10-07T19:49:35.786909:Convert 207 DICOM as /out/sub-voice976/ses-1/func/sub-voice976_ses-1_task-pataka_run-2_bold_heudiconv107 (72x72x45x207)
INFO: stdout 2022-10-07T19:49:42.268620:Compress: "/usr/bin/pigz" -b 960 -n -f -6 "/out/sub-voice976/ses-1/func/sub-voice976_ses-1_task-pataka_run-2_bold_heudiconv107.nii"
INFO: stdout 2022-10-07T19:49:42.268620:Conversion required 7.070758 seconds (0.281932 for core code).
INFO: [Node] Finished "convert", elapsed time 7.121495s.
INFO: Post-treating /out/sub-voice976/ses-1/func/sub-voice976_ses-1_task-pataka_run-2_bold.json file
INFO: Converting /out/sub-voice976/ses-1/func/sub-voice976_ses-1_task-nwr_run-1_bold (42 DICOMs) -> /out/sub-voice976/ses-1/func . Converter: dcm2niix . Output types: ('nii.gz',)
INFO: [Node] Setting-up "convert" in "/tmp/dcm2niixnprmntr3/convert".
INFO: [Node] Executing "convert" <nipype.interfaces.dcm2nii.Dcm2niix>
INFO: stdout 2022-10-07T19:49:42.987945:Chris Rorden's dcm2niiX version v1.0.20211006  GCC10.2.1 x86-64 (64-bit Linux)
INFO: stdout 2022-10-07T19:49:42.987945:Found 42 DICOM file(s)
INFO: stdout 2022-10-07T19:49:42.987945:Warning: Slice timing appears corrupted (range 0..5360, TR=4000 ms)
INFO: stdout 2022-10-07T19:49:42.987945:Convert 42 DICOM as /out/sub-voice976/ses-1/func/sub-voice976_ses-1_task-nwr_run-1_bold_heudiconv407 (108x108x65x42)
INFO: stdout 2022-10-07T19:49:47.557601:Compress: "/usr/bin/pigz" -b 960 -n -f -6 "/out/sub-voice976/ses-1/func/sub-voice976_ses-1_task-nwr_run-1_bold_heudiconv407.nii"
INFO: stdout 2022-10-07T19:49:47.557601:Conversion required 4.756077 seconds (0.134565 for core code).
INFO: [Node] Finished "convert", elapsed time 4.807305s.
INFO: Post-treating /out/sub-voice976/ses-1/func/sub-voice976_ses-1_task-nwr_run-1_bold.json file
INFO: Converting /out/sub-voice976/ses-1/func/sub-voice976_ses-1_task-nwr_run-2_bold (42 DICOMs) -> /out/sub-voice976/ses-1/func . Converter: dcm2niix . Output types: ('nii.gz',)
INFO: [Node] Setting-up "convert" in "/tmp/dcm2niixvnh099g2/convert".
INFO: [Node] Executing "convert" <nipype.interfaces.dcm2nii.Dcm2niix>
INFO: stdout 2022-10-07T19:49:48.082069:Chris Rorden's dcm2niiX version v1.0.20211006  GCC10.2.1 x86-64 (64-bit Linux)
INFO: stdout 2022-10-07T19:49:48.082069:Found 42 DICOM file(s)
INFO: stdout 2022-10-07T19:49:48.082069:Warning: Slice timing appears corrupted (range 0..5360, TR=4000 ms)
INFO: stdout 2022-10-07T19:49:48.082069:Convert 42 DICOM as /out/sub-voice976/ses-1/func/sub-voice976_ses-1_task-nwr_run-2_bold_heudiconv526 (108x108x65x42)
INFO: stdout 2022-10-07T19:49:51.871845:Compress: "/usr/bin/pigz" -b 960 -n -f -6 "/out/sub-voice976/ses-1/func/sub-voice976_ses-1_task-nwr_run-2_bold_heudiconv526.nii"
INFO: stdout 2022-10-07T19:49:51.871845:Conversion required 3.990021 seconds (0.130395 for core code).
INFO: [Node] Finished "convert", elapsed time 4.040871s.
INFO: Post-treating /out/sub-voice976/ses-1/func/sub-voice976_ses-1_task-nwr_run-2_bold.json file
INFO: Converting /out/sub-voice976/ses-1/func/sub-voice976_ses-1_task-emosent_run-1_bold (48 DICOMs) -> /out/sub-voice976/ses-1/func . Converter: dcm2niix . Output types: ('nii.gz',)
INFO: [Node] Setting-up "convert" in "/tmp/dcm2niixam7u1qo4/convert".
INFO: [Node] Executing "convert" <nipype.interfaces.dcm2nii.Dcm2niix>
INFO: stdout 2022-10-07T19:49:52.333182:Chris Rorden's dcm2niiX version v1.0.20211006  GCC10.2.1 x86-64 (64-bit Linux)
INFO: stdout 2022-10-07T19:49:52.333182:Found 48 DICOM file(s)
INFO: stdout 2022-10-07T19:49:52.333182:Warning: Slice timing appears corrupted (range 0..5357.5, TR=4000 ms)
INFO: stdout 2022-10-07T19:49:52.333182:Convert 48 DICOM as /out/sub-voice976/ses-1/func/sub-voice976_ses-1_task-emosent_run-1_bold_heudiconv496 (108x108x65x48)
INFO: stdout 2022-10-07T19:49:57.256036:Compress: "/usr/bin/pigz" -b 960 -n -f -6 "/out/sub-voice976/ses-1/func/sub-voice976_ses-1_task-emosent_run-1_bold_heudiconv496.nii"
INFO: stdout 2022-10-07T19:49:57.256036:Conversion required 5.185373 seconds (0.156277 for core code).
INFO: [Node] Finished "convert", elapsed time 5.236349s.
INFO: Post-treating /out/sub-voice976/ses-1/func/sub-voice976_ses-1_task-emosent_run-1_bold.json file
INFO: Converting /out/sub-voice976/ses-1/func/sub-voice976_ses-1_task-emosent_run-2_bold (48 DICOMs) -> /out/sub-voice976/ses-1/func . Converter: dcm2niix . Output types: ('nii.gz',)
INFO: [Node] Setting-up "convert" in "/tmp/dcm2niixkm4ypt9q/convert".
INFO: [Node] Executing "convert" <nipype.interfaces.dcm2nii.Dcm2niix>
INFO: stdout 2022-10-07T19:49:57.830002:Chris Rorden's dcm2niiX version v1.0.20211006  GCC10.2.1 x86-64 (64-bit Linux)
INFO: stdout 2022-10-07T19:49:57.830002:Found 48 DICOM file(s)
INFO: stdout 2022-10-07T19:49:57.830002:Warning: Slice timing appears corrupted (range 0..5357.5, TR=4000 ms)
INFO: stdout 2022-10-07T19:49:57.830002:Convert 48 DICOM as /out/sub-voice976/ses-1/func/sub-voice976_ses-1_task-emosent_run-2_bold_heudiconv253 (108x108x65x48)
INFO: stdout 2022-10-07T19:50:02.458940:Compress: "/usr/bin/pigz" -b 960 -n -f -6 "/out/sub-voice976/ses-1/func/sub-voice976_ses-1_task-emosent_run-2_bold_heudiconv253.nii"
INFO: stdout 2022-10-07T19:50:02.458940:Conversion required 4.887781 seconds (0.148974 for core code).
INFO: [Node] Finished "convert", elapsed time 4.939984s.
INFO: Post-treating /out/sub-voice976/ses-1/func/sub-voice976_ses-1_task-emosent_run-2_bold.json file
INFO: Converting /out/sub-voice976/ses-1/func/sub-voice976_ses-1_task-vowel_run-1_bold (60 DICOMs) -> /out/sub-voice976/ses-1/func . Converter: dcm2niix . Output types: ('nii.gz',)
INFO: [Node] Setting-up "convert" in "/tmp/dcm2niixm9qmqxkr/convert".
INFO: [Node] Executing "convert" <nipype.interfaces.dcm2nii.Dcm2niix>
INFO: stdout 2022-10-07T19:50:03.330769:Chris Rorden's dcm2niiX version v1.0.20211006  GCC10.2.1 x86-64 (64-bit Linux)
INFO: stdout 2022-10-07T19:50:03.330769:Found 60 DICOM file(s)
INFO: stdout 2022-10-07T19:50:03.330769:Warning: Slice timing appears corrupted (range 0..5360, TR=4000 ms)
INFO: stdout 2022-10-07T19:50:03.330769:Convert 60 DICOM as /out/sub-voice976/ses-1/func/sub-voice976_ses-1_task-vowel_run-1_bold_heudiconv206 (108x108x65x60)
INFO: stdout 2022-10-07T19:50:08.922594:Compress: "/usr/bin/pigz" -b 960 -n -f -6 "/out/sub-voice976/ses-1/func/sub-voice976_ses-1_task-vowel_run-1_bold_heudiconv206.nii"
INFO: stdout 2022-10-07T19:50:08.922594:Conversion required 6.012376 seconds (0.194794 for core code).
INFO: [Node] Finished "convert", elapsed time 6.064757s.
INFO: Post-treating /out/sub-voice976/ses-1/func/sub-voice976_ses-1_task-vowel_run-1_bold.json file
INFO: Converting /out/sub-voice976/ses-1/func/sub-voice976_ses-1_task-vowel_run-2_bold (60 DICOMs) -> /out/sub-voice976/ses-1/func . Converter: dcm2niix . Output types: ('nii.gz',)
INFO: [Node] Setting-up "convert" in "/tmp/dcm2niixvv7ral6h/convert".
INFO: [Node] Executing "convert" <nipype.interfaces.dcm2nii.Dcm2niix>
INFO: stdout 2022-10-07T19:50:09.575788:Chris Rorden's dcm2niiX version v1.0.20211006  GCC10.2.1 x86-64 (64-bit Linux)
INFO: stdout 2022-10-07T19:50:09.575788:Found 60 DICOM file(s)
INFO: stdout 2022-10-07T19:50:09.575788:Warning: Slice timing appears corrupted (range 0..5360, TR=4000 ms)
INFO: stdout 2022-10-07T19:50:09.575788:Convert 60 DICOM as /out/sub-voice976/ses-1/func/sub-voice976_ses-1_task-vowel_run-2_bold_heudiconv043 (108x108x65x60)
INFO: stdout 2022-10-07T19:50:16.035584:Compress: "/usr/bin/pigz" -b 960 -n -f -6 "/out/sub-voice976/ses-1/func/sub-voice976_ses-1_task-vowel_run-2_bold_heudiconv043.nii"
INFO: stdout 2022-10-07T19:50:16.035584:Conversion required 6.751774 seconds (0.186255 for core code).
INFO: [Node] Finished "convert", elapsed time 6.815786s.
INFO: Post-treating /out/sub-voice976/ses-1/func/sub-voice976_ses-1_task-vowel_run-2_bold.json file
INFO: Converting /out/sub-voice976/ses-1/func/sub-voice976_ses-1_task-pitchnw_run-1_bold (101 DICOMs) -> /out/sub-voice976/ses-1/func . Converter: dcm2niix . Output types: ('nii.gz',)
INFO: [Node] Setting-up "convert" in "/tmp/dcm2niixgn0dq9tc/convert".
INFO: [Node] Executing "convert" <nipype.interfaces.dcm2nii.Dcm2niix>
INFO: stdout 2022-10-07T19:50:17.006770:Chris Rorden's dcm2niiX version v1.0.20211006  GCC10.2.1 x86-64 (64-bit Linux)
INFO: stdout 2022-10-07T19:50:17.006770:Found 101 DICOM file(s)
INFO: stdout 2022-10-07T19:50:17.006770:Warning: Slice timing appears corrupted (range 0..5357.5, TR=2000 ms)
INFO: stdout 2022-10-07T19:50:17.006770:Convert 101 DICOM as /out/sub-voice976/ses-1/func/sub-voice976_ses-1_task-pitchnw_run-1_bold_heudiconv441 (108x108x65x101)
INFO: stdout 2022-10-07T19:50:27.747766:Compress: "/usr/bin/pigz" -b 960 -n -f -6 "/out/sub-voice976/ses-1/func/sub-voice976_ses-1_task-pitchnw_run-1_bold_heudiconv441.nii"
INFO: stdout 2022-10-07T19:50:27.747766:Conversion required 11.248641 seconds (0.344346 for core code).
INFO: [Node] Finished "convert", elapsed time 11.30057s.
INFO: Post-treating /out/sub-voice976/ses-1/func/sub-voice976_ses-1_task-pitchnw_run-1_bold.json file
INFO: Converting /out/sub-voice976/ses-1/func/sub-voice976_ses-1_task-pitchnw_run-2_bold (101 DICOMs) -> /out/sub-voice976/ses-1/func . Converter: dcm2niix . Output types: ('nii.gz',)
INFO: [Node] Setting-up "convert" in "/tmp/dcm2niixd749bygb/convert".
INFO: [Node] Executing "convert" <nipype.interfaces.dcm2nii.Dcm2niix>
INFO: stdout 2022-10-07T19:50:28.902159:Chris Rorden's dcm2niiX version v1.0.20211006  GCC10.2.1 x86-64 (64-bit Linux)
INFO: stdout 2022-10-07T19:50:28.902159:Found 101 DICOM file(s)
INFO: stdout 2022-10-07T19:50:28.902159:Warning: Slice timing appears corrupted (range 0..5357.5, TR=2000 ms)
INFO: stdout 2022-10-07T19:50:28.902159:Convert 101 DICOM as /out/sub-voice976/ses-1/func/sub-voice976_ses-1_task-pitchnw_run-2_bold_heudiconv588 (108x108x65x101)
INFO: stdout 2022-10-07T19:50:39.744709:Compress: "/usr/bin/pigz" -b 960 -n -f -6 "/out/sub-voice976/ses-1/func/sub-voice976_ses-1_task-pitchnw_run-2_bold_heudiconv588.nii"
INFO: stdout 2022-10-07T19:50:39.744709:Conversion required 11.426764 seconds (0.367942 for core code).
INFO: [Node] Finished "convert", elapsed time 11.48213s.
INFO: Post-treating /out/sub-voice976/ses-1/func/sub-voice976_ses-1_task-pitchnw_run-2_bold.json file
INFO: Converting /out/sub-voice976/ses-1/func/sub-voice976_ses-1_task-movie_run-1_bold (138 DICOMs) -> /out/sub-voice976/ses-1/func . Converter: dcm2niix . Output types: ('nii.gz',)
INFO: [Node] Setting-up "convert" in "/tmp/dcm2niix91v5d93d/convert".
INFO: [Node] Executing "convert" <nipype.interfaces.dcm2nii.Dcm2niix>
INFO: stdout 2022-10-07T19:50:41.065371:Chris Rorden's dcm2niiX version v1.0.20211006  GCC10.2.1 x86-64 (64-bit Linux)
INFO: stdout 2022-10-07T19:50:41.065371:Found 138 DICOM file(s)
INFO: stdout 2022-10-07T19:50:41.065371:Warning: Slice timing appears corrupted (range 0..5357.5, TR=1090 ms)
INFO: stdout 2022-10-07T19:50:41.065371:Convert 138 DICOM as /out/sub-voice976/ses-1/func/sub-voice976_ses-1_task-movie_run-1_bold_heudiconv243 (108x108x65x138)
INFO: stdout 2022-10-07T19:50:55.394343:Compress: "/usr/bin/pigz" -b 960 -n -f -6 "/out/sub-voice976/ses-1/func/sub-voice976_ses-1_task-movie_run-1_bold_heudiconv243.nii"
INFO: stdout 2022-10-07T19:50:55.394343:Conversion required 14.983101 seconds (0.396921 for core code).
INFO: [Node] Finished "convert", elapsed time 15.036143s.
INFO: Post-treating /out/sub-voice976/ses-1/func/sub-voice976_ses-1_task-movie_run-1_bold.json file
INFO: Populating template files under /out/
INFO: PROCESSING DONE: {'subject': 'voice976', 'outdir': '/out/', 'session': '1'}
INFO: Total: starting
INFO: 
INFO: Total: processed result for /out
INFO: Total: done
INFO: Total: starting
INFO: 
INFO: Total: processed result for /out/.heudiconv
[WARNING] Received an exception CommandError(CommandError: 'git -c diff.ignoreSubmodules=none update-index --add --replace --cacheinfo 160000 2af14ac0ee2ac6901c0720ac7e6efede2ec42624 .heudiconv' failed with exitcode 128 [err: 'fatal: Unable to create '/out/.git/index.lock': File exists.

Another git process seems to be running in this repository, e.g.
an editor opened by 'git commit'. Please make sure all processes
are terminated then try again. If it still fails, a git process
may have crashed in this repository earlier:
remove the file manually to continue.']). Canceling not-yet running jobs and waiting for completion of running. You can force earlier forceful exit by Ctrl-C. 
WARNING: Received an exception CommandError(CommandError: 'git -c diff.ignoreSubmodules=none update-index --add --replace --cacheinfo 160000 2af14ac0ee2ac6901c0720ac7e6efede2ec42624 .heudiconv' failed with exitcode 128 [err: 'fatal: Unable to create '/out/.git/index.lock': File exists.

Another git process seems to be running in this repository, e.g.
an editor opened by 'git commit'. Please make sure all processes
are terminated then try again. If it still fails, a git process
may have crashed in this repository earlier:
remove the file manually to continue.']). Canceling not-yet running jobs and waiting for completion of running. You can force earlier forceful exit by Ctrl-C.
[INFO] Canceled 0 out of 0 jobs. 0 left running. 
INFO: Canceled 0 out of 0 jobs. 0 left running.
Traceback (most recent call last):
  File "/opt/miniconda-latest/lib/python3.7/site-packages/datalad/support/parallel.py", line 368, in _iter_threads
    raise _FinalShutdown()
datalad.support.parallel._FinalShutdown

During handling of the above exception, another exception occurred:

Traceback (most recent call last):
  File "/opt/miniconda-latest/bin/heudiconv", line 33, in <module>
    sys.exit(load_entry_point('heudiconv', 'console_scripts', 'heudiconv')())
  File "/src/heudiconv/heudiconv/cli/run.py", line 24, in main
    workflow(**kwargs)
  File "/src/heudiconv/heudiconv/main.py", line 406, in workflow
    add_to_datalad(outdir, study_outdir, msg, bids_options)
  File "/src/heudiconv/heudiconv/external/dlad.py", line 125, in add_to_datalad
    ds.save('.', recursive=True
  File "/opt/miniconda-latest/lib/python3.7/site-packages/datalad/distribution/dataset.py", line 502, in apply_func
    return f(*args, **kwargs)
  File "/opt/miniconda-latest/lib/python3.7/site-packages/datalad/interface/utils.py", line 447, in eval_func
    return return_func(*args, **kwargs)
  File "/opt/miniconda-latest/lib/python3.7/site-packages/datalad/interface/utils.py", line 439, in return_func
    results = list(results)
  File "/opt/miniconda-latest/lib/python3.7/site-packages/datalad/interface/utils.py", line 369, in generator_func
    allkwargs):
  File "/opt/miniconda-latest/lib/python3.7/site-packages/datalad/interface/utils.py", line 544, in _process_results
    for res in results:
  File "/opt/miniconda-latest/lib/python3.7/site-packages/datalad/core/local/save.py", line 398, in __call__
    lgr=lgr,
  File "/opt/miniconda-latest/lib/python3.7/site-packages/datalad/support/parallel.py", line 535, in __iter__
    for res in super().__iter__():
  File "/opt/miniconda-latest/lib/python3.7/site-packages/datalad/support/parallel.py", line 265, in __iter__
    yield from self._iter_threads(self._jobs)
  File "/opt/miniconda-latest/lib/python3.7/site-packages/datalad/support/parallel.py", line 417, in _iter_threads
    self.shutdown(force=True, exception=self._producer_exception or interrupted_by_exception)
  File "/opt/miniconda-latest/lib/python3.7/site-packages/datalad/support/parallel.py", line 233, in shutdown
    raise exception
  File "/opt/miniconda-latest/lib/python3.7/site-packages/datalad/support/parallel.py", line 401, in _iter_threads
    done_useful |= self._pop_done_futures(lgr)
  File "/opt/miniconda-latest/lib/python3.7/site-packages/datalad/support/parallel.py", line 463, in _pop_done_futures
    raise exception
  File "/opt/miniconda-latest/lib/python3.7/concurrent/futures/thread.py", line 57, in run
    result = self.fn(*self.args, **self.kwargs)
  File "/opt/miniconda-latest/lib/python3.7/site-packages/datalad/support/parallel.py", line 329, in consumer_worker
    for r in res:
  File "/opt/miniconda-latest/lib/python3.7/site-packages/datalad/core/local/save.py", line 322, in save_ds
    amend=amend):
  File "/opt/miniconda-latest/lib/python3.7/site-packages/datalad/support/gitrepo.py", line 3425, in save_
    for r in self._save_add_submodules(to_stage_submodules):
  File "/opt/miniconda-latest/lib/python3.7/site-packages/datalad/support/gitrepo.py", line 3662, in _save_add_submodules
    i['commit'], i['rpath']
  File "/opt/miniconda-latest/lib/python3.7/site-packages/datalad/dataset/gitrepo.py", line 437, in call_git
    read_only=read_only))
  File "/opt/miniconda-latest/lib/python3.7/site-packages/datalad/dataset/gitrepo.py", line 482, in call_git_items_
    sep=sep):
  File "/opt/miniconda-latest/lib/python3.7/site-packages/datalad/dataset/gitrepo.py", line 345, in _generator_call_git
    for file_no, content in generator:
  File "/opt/miniconda-latest/lib/python3.7/_collections_abc.py", line 317, in __next__
    return self.send(None)
  File "/opt/miniconda-latest/lib/python3.7/site-packages/datalad/runner/nonasyncrunner.py", line 98, in send
    self._check_result()
  File "/opt/miniconda-latest/lib/python3.7/site-packages/datalad/runner/nonasyncrunner.py", line 80, in _check_result
    self.runner._check_result()
  File "/opt/miniconda-latest/lib/python3.7/site-packages/datalad/runner/nonasyncrunner.py", line 259, in _check_result
    stderr=decoded_output.get("stderr", None))
datalad.runner.exception.CommandError: CommandError: 'git -c diff.ignoreSubmodules=none update-index --add --replace --cacheinfo 160000 2af14ac0ee2ac6901c0720ac7e6efede2ec42624 .heudiconv' failed with exitcode 128 [err: 'fatal: Unable to create '/out/.git/index.lock': File exists.

Another git process seems to be running in this repository, e.g.
an editor opened by 'git commit'. Please make sure all processes
are terminated then try again. If it still fails, a git process
may have crashed in this repository earlier:
remove the file manually to continue.']
