INFO: Running heudiconv version 0.11.3+d20220512 latest 0.11.4
INFO: Need to process 1 study sessions
INFO: PROCESSING STARTS: {'subject': 'voice999', 'outdir': '/out/', 'session': '1'}
INFO: Processing 2084 dicoms
INFO: Analyzing 2084 dicoms
INFO: Generated sequence info for 19 accession numbers with 2084 entries total
INFO: Doing conversion using dcm2niix
INFO: Converting /out/sub-voice999/ses-1/anat/sub-voice999_ses-1_run-1_T1w (176 DICOMs) -> /out/sub-voice999/ses-1/anat . Converter: dcm2niix . Output types: ('nii.gz',)
WARNING: A newer version (1.8.4) of nipy/nipype is available. You are using 1.8.0
INFO: [Node] Setting-up "convert" in "/tmp/dcm2niixy0rd7ob8/convert".
INFO: [Node] Executing "convert" <nipype.interfaces.dcm2nii.Dcm2niix>
INFO: stdout 2022-10-07T20:44:44.589808:Chris Rorden's dcm2niiX version v1.0.20211006  GCC10.2.1 x86-64 (64-bit Linux)
INFO: stdout 2022-10-07T20:44:44.589808:Found 176 DICOM file(s)
INFO: stdout 2022-10-07T20:44:44.589808:Convert 176 DICOM as /out/sub-voice999/ses-1/anat/sub-voice999_ses-1_run-1_T1w_heudiconv414 (256x256x176x1)
INFO: stdout 2022-10-07T20:45:05.359628:Compress: "/usr/bin/pigz" -b 960 -n -f -6 "/out/sub-voice999/ses-1/anat/sub-voice999_ses-1_run-1_T1w_heudiconv414.nii"
INFO: stdout 2022-10-07T20:45:05.359628:Conversion required 34.532814 seconds (4.593372 for core code).
INFO: [Node] Finished "convert", elapsed time 44.263728s.
WARNING: Failed to find task field in /out/sub-voice999/ses-1/anat/sub-voice999_ses-1_run-1_T1w.json.
INFO: Post-treating /out/sub-voice999/ses-1/anat/sub-voice999_ses-1_run-1_T1w.json file
INFO: Converting /out/sub-voice999/ses-1/func/sub-voice999_ses-1_task-pataka_run-1_bold (132 DICOMs) -> /out/sub-voice999/ses-1/func . Converter: dcm2niix . Output types: ('nii.gz',)
INFO: [Node] Setting-up "convert" in "/tmp/dcm2niixk08mm7bn/convert".
INFO: [Node] Executing "convert" <nipype.interfaces.dcm2nii.Dcm2niix>
INFO: stdout 2022-10-07T20:46:18.767087:Chris Rorden's dcm2niiX version v1.0.20211006  GCC10.2.1 x86-64 (64-bit Linux)
INFO: stdout 2022-10-07T20:46:18.767087:Found 132 DICOM file(s)
INFO: stdout 2022-10-07T20:46:18.767087:Warning: Slice timing appears corrupted (range 0..3135, TR=1640 ms)
INFO: stdout 2022-10-07T20:46:18.767087:Convert 132 DICOM as /out/sub-voice999/ses-1/func/sub-voice999_ses-1_task-pataka_run-1_bold_heudiconv946 (72x72x45x132)
INFO: stdout 2022-10-07T20:46:28.864227:Compress: "/usr/bin/pigz" -b 960 -n -f -6 "/out/sub-voice999/ses-1/func/sub-voice999_ses-1_task-pataka_run-1_bold_heudiconv946.nii"
INFO: stdout 2022-10-07T20:46:28.864227:Conversion required 18.464186 seconds (4.159499 for core code).
INFO: [Node] Finished "convert", elapsed time 22.392457s.
INFO: Post-treating /out/sub-voice999/ses-1/func/sub-voice999_ses-1_task-pataka_run-1_bold.json file
INFO: Converting /out/sub-voice999/ses-1/func/sub-voice999_ses-1_task-pataka_run-2_bold (176 DICOMs) -> /out/sub-voice999/ses-1/func . Converter: dcm2niix . Output types: ('nii.gz',)
INFO: [Node] Setting-up "convert" in "/tmp/dcm2niixtdbotz7o/convert".
INFO: [Node] Executing "convert" <nipype.interfaces.dcm2nii.Dcm2niix>
INFO: stdout 2022-10-07T20:46:52.628391:Chris Rorden's dcm2niiX version v1.0.20211006  GCC10.2.1 x86-64 (64-bit Linux)
INFO: stdout 2022-10-07T20:46:52.628391:Found 176 DICOM file(s)
INFO: stdout 2022-10-07T20:46:52.628391:Warning: Slice timing appears corrupted (range 0..3135, TR=1640 ms)
INFO: stdout 2022-10-07T20:46:52.628391:Convert 176 DICOM as /out/sub-voice999/ses-1/func/sub-voice999_ses-1_task-pataka_run-2_bold_heudiconv236 (72x72x45x176)
INFO: stdout 2022-10-07T20:47:02.356403:Compress: "/usr/bin/pigz" -b 960 -n -f -6 "/out/sub-voice999/ses-1/func/sub-voice999_ses-1_task-pataka_run-2_bold_heudiconv236.nii"
INFO: stdout 2022-10-07T20:47:02.356403:Conversion required 17.656980 seconds (4.930455 for core code).
INFO: [Node] Finished "convert", elapsed time 23.853168s.
INFO: Post-treating /out/sub-voice999/ses-1/func/sub-voice999_ses-1_task-pataka_run-2_bold.json file
INFO: Converting /out/sub-voice999/ses-1/func/sub-voice999_ses-1_task-pitchsent_run-1_bold (57 DICOMs) -> /out/sub-voice999/ses-1/func . Converter: dcm2niix . Output types: ('nii.gz',)
INFO: [Node] Setting-up "convert" in "/tmp/dcm2niixxzc7irla/convert".
INFO: [Node] Executing "convert" <nipype.interfaces.dcm2nii.Dcm2niix>
INFO: stdout 2022-10-07T20:47:20.320578:Chris Rorden's dcm2niiX version v1.0.20211006  GCC10.2.1 x86-64 (64-bit Linux)
INFO: stdout 2022-10-07T20:47:20.320578:Found 57 DICOM file(s)
INFO: stdout 2022-10-07T20:47:20.320578:Warning: Slice timing appears corrupted (range 0..5357.5, TR=4000 ms)
INFO: stdout 2022-10-07T20:47:20.320578:Convert 57 DICOM as /out/sub-voice999/ses-1/func/sub-voice999_ses-1_task-pitchsent_run-1_bold_heudiconv144 (108x108x65x57)
INFO: stdout 2022-10-07T20:47:36.531822:Compress: "/usr/bin/pigz" -b 960 -n -f -6 "/out/sub-voice999/ses-1/func/sub-voice999_ses-1_task-pitchsent_run-1_bold_heudiconv144.nii"
INFO: stdout 2022-10-07T20:47:36.531822:Conversion required 17.712322 seconds (0.828922 for core code).
INFO: [Node] Finished "convert", elapsed time 21.170907s.
INFO: Post-treating /out/sub-voice999/ses-1/func/sub-voice999_ses-1_task-pitchsent_run-1_bold.json file
INFO: Converting /out/sub-voice999/ses-1/func/sub-voice999_ses-1_task-nwr_run-1_bold (42 DICOMs) -> /out/sub-voice999/ses-1/func . Converter: dcm2niix . Output types: ('nii.gz',)
INFO: [Node] Setting-up "convert" in "/tmp/dcm2niixxt97asgq/convert".
INFO: [Node] Executing "convert" <nipype.interfaces.dcm2nii.Dcm2niix>
INFO: stdout 2022-10-07T20:47:49.786352:Chris Rorden's dcm2niiX version v1.0.20211006  GCC10.2.1 x86-64 (64-bit Linux)
INFO: stdout 2022-10-07T20:47:49.786352:Found 42 DICOM file(s)
INFO: stdout 2022-10-07T20:47:49.786352:Warning: Slice timing appears corrupted (range 0..5360, TR=4000 ms)
INFO: stdout 2022-10-07T20:47:49.786352:Convert 42 DICOM as /out/sub-voice999/ses-1/func/sub-voice999_ses-1_task-nwr_run-1_bold_heudiconv896 (108x108x65x42)
INFO: stdout 2022-10-07T20:48:04.743912:Compress: "/usr/bin/pigz" -b 960 -n -f -6 "/out/sub-voice999/ses-1/func/sub-voice999_ses-1_task-nwr_run-1_bold_heudiconv896.nii"
INFO: stdout 2022-10-07T20:48:04.743912:Conversion required 15.634068 seconds (0.464273 for core code).
INFO: [Node] Finished "convert", elapsed time 25.501179s.
INFO: Post-treating /out/sub-voice999/ses-1/func/sub-voice999_ses-1_task-nwr_run-1_bold.json file
INFO: Converting /out/sub-voice999/ses-1/func/sub-voice999_ses-1_task-nwr_run-2_bold (42 DICOMs) -> /out/sub-voice999/ses-1/func . Converter: dcm2niix . Output types: ('nii.gz',)
INFO: [Node] Setting-up "convert" in "/tmp/dcm2niixkt8xgamd/convert".
INFO: [Node] Executing "convert" <nipype.interfaces.dcm2nii.Dcm2niix>
INFO: stdout 2022-10-07T20:48:29.446394:Chris Rorden's dcm2niiX version v1.0.20211006  GCC10.2.1 x86-64 (64-bit Linux)
INFO: stdout 2022-10-07T20:48:29.446394:Found 42 DICOM file(s)
INFO: stdout 2022-10-07T20:48:29.446394:Warning: Slice timing appears corrupted (range 0..5357.5, TR=4000 ms)
INFO: stdout 2022-10-07T20:48:29.446394:Convert 42 DICOM as /out/sub-voice999/ses-1/func/sub-voice999_ses-1_task-nwr_run-2_bold_heudiconv300 (108x108x65x42)
INFO: stdout 2022-10-07T20:48:41.749077:Compress: "/usr/bin/pigz" -b 960 -n -f -6 "/out/sub-voice999/ses-1/func/sub-voice999_ses-1_task-nwr_run-2_bold_heudiconv300.nii"
INFO: stdout 2022-10-07T20:48:41.749077:Conversion required 13.178056 seconds (0.598802 for core code).
INFO: [Node] Finished "convert", elapsed time 36.657002s.
INFO: Post-treating /out/sub-voice999/ses-1/func/sub-voice999_ses-1_task-nwr_run-2_bold.json file
INFO: Converting /out/sub-voice999/ses-1/func/sub-voice999_ses-1_task-facematch_run-1_bold (99 DICOMs) -> /out/sub-voice999/ses-1/func . Converter: dcm2niix . Output types: ('nii.gz',)
INFO: [Node] Setting-up "convert" in "/tmp/dcm2niixrotrkmof/convert".
INFO: [Node] Executing "convert" <nipype.interfaces.dcm2nii.Dcm2niix>
INFO: stdout 2022-10-07T20:50:15.723331:Chris Rorden's dcm2niiX version v1.0.20211006  GCC10.2.1 x86-64 (64-bit Linux)
INFO: stdout 2022-10-07T20:50:15.723331:Found 99 DICOM file(s)
INFO: stdout 2022-10-07T20:50:15.723331:Warning: Slice timing appears corrupted (range 0..5357.5, TR=2000 ms)
INFO: stdout 2022-10-07T20:50:15.723331:Convert 99 DICOM as /out/sub-voice999/ses-1/func/sub-voice999_ses-1_task-facematch_run-1_bold_heudiconv581 (108x108x65x99)
INFO: stdout 2022-10-07T20:50:42.744947:Compress: "/usr/bin/pigz" -b 960 -n -f -6 "/out/sub-voice999/ses-1/func/sub-voice999_ses-1_task-facematch_run-1_bold_heudiconv581.nii"
INFO: stdout 2022-10-07T20:50:42.744947:Conversion required 33.660821 seconds (1.328202 for core code).
INFO: [Node] Finished "convert", elapsed time 43.374579s.
INFO: Post-treating /out/sub-voice999/ses-1/func/sub-voice999_ses-1_task-facematch_run-1_bold.json file
INFO: Converting /out/sub-voice999/ses-1/func/sub-voice999_ses-1_task-emosent_run-1_bold (42 DICOMs) -> /out/sub-voice999/ses-1/func . Converter: dcm2niix . Output types: ('nii.gz',)
INFO: [Node] Setting-up "convert" in "/tmp/dcm2niixy0fvlpmt/convert".
INFO: [Node] Executing "convert" <nipype.interfaces.dcm2nii.Dcm2niix>
INFO: stdout 2022-10-07T20:52:15.662444:Chris Rorden's dcm2niiX version v1.0.20211006  GCC10.2.1 x86-64 (64-bit Linux)
INFO: stdout 2022-10-07T20:52:15.662444:Found 42 DICOM file(s)
INFO: stdout 2022-10-07T20:52:15.662444:Warning: Slice timing appears corrupted (range 0..5357.5, TR=4000 ms)
INFO: stdout 2022-10-07T20:52:15.662444:Convert 42 DICOM as /out/sub-voice999/ses-1/func/sub-voice999_ses-1_task-emosent_run-1_bold_heudiconv061 (108x108x65x42)
INFO: stdout 2022-10-07T20:52:38.224305:Compress: "/usr/bin/pigz" -b 960 -n -f -6 "/out/sub-voice999/ses-1/func/sub-voice999_ses-1_task-emosent_run-1_bold_heudiconv061.nii"
INFO: stdout 2022-10-07T20:52:38.224305:Conversion required 32.810843 seconds (1.061200 for core code).
INFO: [Node] Finished "convert", elapsed time 45.437457s.
INFO: Post-treating /out/sub-voice999/ses-1/func/sub-voice999_ses-1_task-emosent_run-1_bold.json file
INFO: Populating template files under /out/
INFO: PROCESSING DONE: {'subject': 'voice999', 'outdir': '/out/', 'session': '1'}
INFO: Total: starting
INFO: 
INFO: Total: processed result for /out
INFO: Total: done
INFO: Total: starting
INFO: 
INFO: Total: processed result for /out/.heudiconv
[WARNING] Received an exception CommandError(CommandError: 'git -c diff.ignoreSubmodules=none update-index --add --replace --cacheinfo 160000 6d81df3275ab0278a4bef4af23bfa3fb63160fd7 .heudiconv' failed with exitcode 128 [err: 'fatal: Unable to create '/out/.git/index.lock': File exists.

Another git process seems to be running in this repository, e.g.
an editor opened by 'git commit'. Please make sure all processes
are terminated then try again. If it still fails, a git process
may have crashed in this repository earlier:
remove the file manually to continue.']). Canceling not-yet running jobs and waiting for completion of running. You can force earlier forceful exit by Ctrl-C. 
WARNING: Received an exception CommandError(CommandError: 'git -c diff.ignoreSubmodules=none update-index --add --replace --cacheinfo 160000 6d81df3275ab0278a4bef4af23bfa3fb63160fd7 .heudiconv' failed with exitcode 128 [err: 'fatal: Unable to create '/out/.git/index.lock': File exists.

Another git process seems to be running in this repository, e.g.
an editor opened by 'git commit'. Please make sure all processes
are terminated then try again. If it still fails, a git process
may have crashed in this repository earlier:
remove the file manually to continue.']). Canceling not-yet running jobs and waiting for completion of running. You can force earlier forceful exit by Ctrl-C.
[INFO] Canceled 0 out of 0 jobs. 0 left running. 
INFO: Canceled 0 out of 0 jobs. 0 left running.
Traceback (most recent call last):
  File "/opt/miniconda-latest/lib/python3.7/site-packages/datalad/support/parallel.py", line 368, in _iter_threads
    raise _FinalShutdown()
datalad.support.parallel._FinalShutdown

During handling of the above exception, another exception occurred:

Traceback (most recent call last):
  File "/opt/miniconda-latest/bin/heudiconv", line 33, in <module>
    sys.exit(load_entry_point('heudiconv', 'console_scripts', 'heudiconv')())
  File "/src/heudiconv/heudiconv/cli/run.py", line 24, in main
    workflow(**kwargs)
  File "/src/heudiconv/heudiconv/main.py", line 406, in workflow
    add_to_datalad(outdir, study_outdir, msg, bids_options)
  File "/src/heudiconv/heudiconv/external/dlad.py", line 125, in add_to_datalad
    ds.save('.', recursive=True
  File "/opt/miniconda-latest/lib/python3.7/site-packages/datalad/distribution/dataset.py", line 502, in apply_func
    return f(*args, **kwargs)
  File "/opt/miniconda-latest/lib/python3.7/site-packages/datalad/interface/utils.py", line 447, in eval_func
    return return_func(*args, **kwargs)
  File "/opt/miniconda-latest/lib/python3.7/site-packages/datalad/interface/utils.py", line 439, in return_func
    results = list(results)
  File "/opt/miniconda-latest/lib/python3.7/site-packages/datalad/interface/utils.py", line 369, in generator_func
    allkwargs):
  File "/opt/miniconda-latest/lib/python3.7/site-packages/datalad/interface/utils.py", line 544, in _process_results
    for res in results:
  File "/opt/miniconda-latest/lib/python3.7/site-packages/datalad/core/local/save.py", line 398, in __call__
    lgr=lgr,
  File "/opt/miniconda-latest/lib/python3.7/site-packages/datalad/support/parallel.py", line 535, in __iter__
    for res in super().__iter__():
  File "/opt/miniconda-latest/lib/python3.7/site-packages/datalad/support/parallel.py", line 265, in __iter__
    yield from self._iter_threads(self._jobs)
  File "/opt/miniconda-latest/lib/python3.7/site-packages/datalad/support/parallel.py", line 417, in _iter_threads
    self.shutdown(force=True, exception=self._producer_exception or interrupted_by_exception)
  File "/opt/miniconda-latest/lib/python3.7/site-packages/datalad/support/parallel.py", line 233, in shutdown
    raise exception
  File "/opt/miniconda-latest/lib/python3.7/site-packages/datalad/support/parallel.py", line 401, in _iter_threads
    done_useful |= self._pop_done_futures(lgr)
  File "/opt/miniconda-latest/lib/python3.7/site-packages/datalad/support/parallel.py", line 463, in _pop_done_futures
    raise exception
  File "/opt/miniconda-latest/lib/python3.7/concurrent/futures/thread.py", line 57, in run
    result = self.fn(*self.args, **self.kwargs)
  File "/opt/miniconda-latest/lib/python3.7/site-packages/datalad/support/parallel.py", line 329, in consumer_worker
    for r in res:
  File "/opt/miniconda-latest/lib/python3.7/site-packages/datalad/core/local/save.py", line 322, in save_ds
    amend=amend):
  File "/opt/miniconda-latest/lib/python3.7/site-packages/datalad/support/gitrepo.py", line 3425, in save_
    for r in self._save_add_submodules(to_stage_submodules):
  File "/opt/miniconda-latest/lib/python3.7/site-packages/datalad/support/gitrepo.py", line 3662, in _save_add_submodules
    i['commit'], i['rpath']
  File "/opt/miniconda-latest/lib/python3.7/site-packages/datalad/dataset/gitrepo.py", line 437, in call_git
    read_only=read_only))
  File "/opt/miniconda-latest/lib/python3.7/site-packages/datalad/dataset/gitrepo.py", line 482, in call_git_items_
    sep=sep):
  File "/opt/miniconda-latest/lib/python3.7/site-packages/datalad/dataset/gitrepo.py", line 345, in _generator_call_git
    for file_no, content in generator:
  File "/opt/miniconda-latest/lib/python3.7/_collections_abc.py", line 317, in __next__
    return self.send(None)
  File "/opt/miniconda-latest/lib/python3.7/site-packages/datalad/runner/nonasyncrunner.py", line 98, in send
    self._check_result()
  File "/opt/miniconda-latest/lib/python3.7/site-packages/datalad/runner/nonasyncrunner.py", line 80, in _check_result
    self.runner._check_result()
  File "/opt/miniconda-latest/lib/python3.7/site-packages/datalad/runner/nonasyncrunner.py", line 259, in _check_result
    stderr=decoded_output.get("stderr", None))
datalad.runner.exception.CommandError: CommandError: 'git -c diff.ignoreSubmodules=none update-index --add --replace --cacheinfo 160000 6d81df3275ab0278a4bef4af23bfa3fb63160fd7 .heudiconv' failed with exitcode 128 [err: 'fatal: Unable to create '/out/.git/index.lock': File exists.

Another git process seems to be running in this repository, e.g.
an editor opened by 'git commit'. Please make sure all processes
are terminated then try again. If it still fails, a git process
may have crashed in this repository earlier:
remove the file manually to continue.']
